*** Using Compiler 'V6.16', folder: 'C:\Keil_v5\ARM\ARMCLANG\Bin'
Build target 'demo'
Note: source file '..\Lib\easing\easing.cpp' - object file renamed from 'demo\easing.o' to 'demo\easing_1.o'.../Lib/easing/easing.cpp(2): warning: In file included from...../Lib/easing/easing.hpp(4): warning: In file included from...../Lib/easing/base.hpp(45): error: unknown type name 'class'
class easing_pos {
^
../Lib/easing/base.hpp(45): error: expected ';' after top level declarator
class easing_pos {
                ^
                ;
../Lib/easing/easing.cpp(2): warning: In file included from...../Lib/easing/easing.hpp(6): error: unknown type name 'class'
class easing_core {
^
../Lib/easing/easing.hpp(6): error: expected ';' after top level declarator
class easing_core {
                 ^
                 ;
../Lib/easing/easing.hpp(128): error: variable has incomplete type 'void'
void easing_core::start(void)
     ^
../Lib/easing/easing.hpp(128): error: expected ';' after top level declarator
void easing_core::start(void)
                ^
                ;
../Lib/easing/easing.hpp(128): error: expected identifier or '('
void easing_core::start(void)
                 ^
../Lib/easing/easing.hpp(148): error: variable has incomplete type 'void'
void easing_core::update(void)
     ^
../Lib/easing/easing.hpp(148): error: expected ';' after top level declarator
void easing_core::update(void)
                ^
                ;
../Lib/easing/easing.hpp(148): error: expected identifier or '('
void easing_core::update(void)
                 ^
../Lib/easing/easing.hpp(201): error: unknown type name 'class'
class easing_fast : public easing_core, public easing_pos {
^
../Lib/easing/easing.hpp(201): error: expected ';' after top level declarator
class easing_fast : public easing_core, public easing_pos {
                  ^
                  ;
../Lib/easing/easing.hpp(201): error: unknown type name 'public'
class easing_fast : public easing_core, public easing_pos {
                    ^
../Lib/easing/easing.hpp(201): error: expected ';' after top level declarator
class easing_fast : public easing_core, public easing_pos {
                                              ^
                                              ;
14 errors generated.
compiling easing.cpp...
../Lib/apps/base.c(1): warning: In file included from...../Lib/apps/base.h(75): warning: In file included from...../LIB\easing/easing.hpp(4): warning: In file included from...../LIB\easing/base.hpp(45): error: unknown type name 'class'
class easing_pos {
^
../LIB\easing/base.hpp(45): error: expected ';' after top level declarator
class easing_pos {
                ^
                ;
../Lib/apps/base.c(1): warning: In file included from...../Lib/apps/base.h(75): warning: In file included from...../LIB\easing/easing.hpp(6): error: unknown type name 'class'
class easing_core {
^
../LIB\easing/easing.hpp(6): error: expected ';' after top level declarator
class easing_core {
                 ^
                 ;
../LIB\easing/easing.hpp(128): error: variable has incomplete type 'void'
void easing_core::start(void)
     ^
../LIB\easing/easing.hpp(128): error: expected ';' after top level declarator
void easing_core::start(void)
                ^
                ;
../LIB\easing/easing.hpp(128): error: expected identifier or '('
void easing_core::start(void)
                 ^
../LIB\easing/easing.hpp(148): error: variable has incomplete type 'void'
void easing_core::update(void)
     ^
../LIB\easing/easing.hpp(148): error: expected ';' after top level declarator
void easing_core::update(void)
                ^
                ;
../LIB\easing/easing.hpp(148): error: expected identifier or '('
void easing_core::update(void)
                 ^
../LIB\easing/easing.hpp(201): error: unknown type name 'class'
class easing_fast : public easing_core, public easing_pos {
^
../LIB\easing/easing.hpp(201): error: expected ';' after top level declarator
class easing_fast : public easing_core, public easing_pos {
                  ^
                  ;
../LIB\easing/easing.hpp(201): error: unknown type name 'public'
class easing_fast : public easing_core, public easing_pos {
                    ^
../LIB\easing/easing.hpp(201): error: expected ';' after top level declarator
class easing_fast : public easing_core, public easing_pos {
                                              ^
                                              ;
14 errors generated.
compiling base.c...
../Core/Src/main.c(31): warning: In file included from...../LIB\apps/base.h(75): warning: In file included from...../LIB\easing/easing.hpp(4): warning: In file included from...../LIB\easing/base.hpp(45): error: unknown type name 'class'
class easing_pos {
^
../LIB\easing/base.hpp(45): error: expected ';' after top level declarator
class easing_pos {
                ^
                ;
../Core/Src/main.c(31): warning: In file included from...../LIB\apps/base.h(75): warning: In file included from...../LIB\easing/easing.hpp(6): error: unknown type name 'class'
class easing_core {
^
../LIB\easing/easing.hpp(6): error: expected ';' after top level declarator
class easing_core {
                 ^
                 ;
../LIB\easing/easing.hpp(128): error: variable has incomplete type 'void'
void easing_core::start(void)
     ^
../LIB\easing/easing.hpp(128): error: expected ';' after top level declarator
void easing_core::start(void)
                ^
                ;
../LIB\easing/easing.hpp(128): error: expected identifier or '('
void easing_core::start(void)
                 ^
../LIB\easing/easing.hpp(148): error: variable has incomplete type 'void'
void easing_core::update(void)
     ^
../LIB\easing/easing.hpp(148): error: expected ';' after top level declarator
void easing_core::update(void)
                ^
                ;
../LIB\easing/easing.hpp(148): error: expected identifier or '('
void easing_core::update(void)
                 ^
../LIB\easing/easing.hpp(201): error: unknown type name 'class'
class easing_fast : public easing_core, public easing_pos {
^
../LIB\easing/easing.hpp(201): error: expected ';' after top level declarator
class easing_fast : public easing_core, public easing_pos {
                  ^
                  ;
../LIB\easing/easing.hpp(201): error: unknown type name 'public'
class easing_fast : public easing_core, public easing_pos {
                    ^
../LIB\easing/easing.hpp(201): error: expected ';' after top level declarator
class easing_fast : public easing_core, public easing_pos {
                                              ^
                                              ;
14 errors generated.
compiling main.c...
../Lib/menus/item.cpp(1): warning: In file included from...../Lib/menus/item.hpp(4): warning: In file included from...../LIB\apps/base.h(75): warning: In file included from...../LIB\easing/easing.hpp(4): warning: In file included from...../LIB\easing/base.hpp(46): error: C++ requires a type specifier for all declarations
    friend easing_core;
    ~~~~~~ ^
../LIB\easing/base.hpp(46): error: friends can only be classes or functions
../Lib/menus/item.cpp(1): warning: In file included from...../Lib/menus/item.hpp(4): warning: In file included from...../LIB\apps/base.h(75): warning: In file included from...../LIB\easing/easing.hpp(183): error: 'm_bEnable' is a private member of 'easing_pos'
            if (src->m_bEnable) src->m_nCurrent = m_bDirection ? src->m_nStart : src->m_nStop;
                     ^
../LIB\easing/base.hpp(150): note: declared private here
    bool m_bEnable;
         ^
../Lib/menus/item.cpp(1): warning: In file included from...../Lib/menus/item.hpp(4): warning: In file included from...../LIB\apps/base.h(75): warning: In file included from...../LIB\easing/easing.hpp(183): error: 'm_nCurrent' is a private member of 'easing_pos'
            if (src->m_bEnable) src->m_nCurrent = m_bDirection ? src->m_nStart : src->m_nStop;
                                     ^
../LIB\easing/base.hpp(147): note: declared private here
    easing_type_t m_nCurrent;
                  ^
../Lib/menus/item.cpp(1): warning: In file included from...../Lib/menus/item.hpp(4): warning: In file included from...../LIB\apps/base.h(75): warning: In file included from...../LIB\easing/easing.hpp(183): error: 'm_nStart' is a private member of 'easing_pos'
            if (src->m_bEnable) src->m_nCurrent = m_bDirection ? src->m_nStart : src->m_nStop;
                                                                      ^
../LIB\easing/base.hpp(137): note: declared private here
    easing_type_t m_nStart;
                  ^
../Lib/menus/item.cpp(1): warning: In file included from...../Lib/menus/item.hpp(4): warning: In file included from...../LIB\apps/base.h(75): warning: In file included from...../LIB\easing/easing.hpp(183): error: 'm_nStop' is a private member of 'easing_pos'
            if (src->m_bEnable) src->m_nCurrent = m_bDirection ? src->m_nStart : src->m_nStop;
                                                                                      ^
../LIB\easing/base.hpp(138): note: declared private here
    easing_type_t m_nStop;
                  ^
../Lib/menus/item.cpp(1): warning: In file included from...../Lib/menus/item.hpp(4): warning: In file included from...../LIB\apps/base.h(75): warning: In file included from...../LIB\easing/easing.hpp(194): error: 'm_bEnable' is a private member of 'easing_pos'
            if (src->m_bEnable)
                     ^
../LIB\easing/base.hpp(150): note: declared private here
    bool m_bEnable;
         ^
../Lib/menus/item.cpp(1): warning: In file included from...../Lib/menus/item.hpp(4): warning: In file included from...../LIB\apps/base.h(75): warning: In file included from...../LIB\easing/easing.hpp(195): error: 'm_nCurrent' is a private member of 'easing_pos'
                src->m_nCurrent = m_bDirection ? (src->m_nStop - m_fCoefficient * src->m_nDelta) : (src->m_nStart + m_fCoefficient * src->m_nDelta);
                     ^
../LIB\easing/base.hpp(147): note: declared private here
    easing_type_t m_nCurrent;
                  ^
../Lib/menus/item.cpp(1): warning: In file included from...../Lib/menus/item.hpp(4): warning: In file included from...../LIB\apps/base.h(75): warning: In file included from...../LIB\easing/easing.hpp(195): error: 'm_nStop' is a private member of 'easing_pos'
                src->m_nCurrent = m_bDirection ? (src->m_nStop - m_fCoefficient * src->m_nDelta) : (src->m_nStart + m_fCoefficient * src->m_nDelta);
                                                       ^
../LIB\easing/base.hpp(138): note: declared private here
    easing_type_t m_nStop;
                  ^
../Lib/menus/item.cpp(1): warning: In file included from...../Lib/menus/item.hpp(4): warning: In file included from...../LIB\apps/base.h(75): warning: In file included from...../LIB\easing/easing.hpp(195): error: 'm_nDelta' is a private member of 'easing_pos'
                src->m_nCurrent = m_bDirection ? (src->m_nStop - m_fCoefficient * src->m_nDelta) : (src->m_nStart + m_fCoefficient * src->m_nDelta);
                                                                                       ^
../LIB\easing/base.hpp(144): note: declared private here
    easing_type_t m_nDelta;
                  ^
../Lib/menus/item.cpp(1): warning: In file included from...../Lib/menus/item.hpp(4): warning: In file included from...../LIB\apps/base.h(75): warning: In file included from...../LIB\easing/easing.hpp(195): error: 'm_nStart' is a private member of 'easing_pos'
                src->m_nCurrent = m_bDirection ? (src->m_nStop - m_fCoefficient * src->m_nDelta) : (src->m_nStart + m_fCoefficient * src->m_nDelta);
                                                                                                         ^
../LIB\easing/base.hpp(137): note: declared private here
    easing_type_t m_nStart;
                  ^
../Lib/menus/item.cpp(1): warning: In file included from...../Lib/menus/item.hpp(4): warning: In file included from...../LIB\apps/base.h(75): warning: In file included from...../LIB\easing/easing.hpp(195): error: 'm_nDelta' is a private member of 'easing_pos'
                src->m_nCurrent = m_bDirection ? (src->m_nStop - m_fCoefficient * src->m_nDelta) : (src->m_nStart + m_fCoefficient * src->m_nDelta);
                                                                                                                                          ^
../LIB\easing/base.hpp(144): note: declared private here
    easing_type_t m_nDelta;
                  ^
../Lib/menus/item.cpp(1): warning: In file included from...../Lib/menus/item.hpp(100): error: must use 'enum' tag to refer to type 'style' in this scope
    item& set(style style)
              ^
              enum 
../Lib/menus/item.hpp(99): note: enum 'style' is hidden by a non-type declaration of 'style' here
    style style(void) const { return m_style; }
          ^
../Lib/menus/item.hpp(213): error: constructor for 'list' must explicitly initialize the member 'm_EasingCore' which does not have a default constructor
    list(item<easing_type_t>* items, uint8_t length) : m_nDisplayedCount(4)
    ^
../Lib/menus/item.hpp(150): note: member is declared here
    easing_core m_EasingCore;
                ^
../LIB\easing/easing.hpp(6): note: 'easing_core' declared here
class easing_core {
      ^
../Lib/menus/item.cpp(1): warning: In file included from...../Lib/menus/item.hpp(217): error: 'easing_pos' does not refer to a value
        m_EasingPos = easing_core(easing_pos, ARRAY_SIZE(easing_pos), nFrameCount);
                                  ^
../LIB\easing/base.hpp(45): note: declared here
class easing_pos {
      ^
../Lib/menus/item.cpp(1): warning: In file included from...../Lib/menus/item.hpp(217): error: expected variable name or 'this' in lambda capture list
        m_EasingPos = easing_core(easing_pos, ARRAY_SIZE(easing_pos), nFrameCount);
                                              ^
../LIB\utils.h(49): note: expanded from macro 'ARRAY_SIZE'
#define ARRAY_SIZE(a) (sizeof(a) / sizeof((a)[0]))
                                              ^
../Lib/menus/item.cpp(1): warning: In file included from...../Lib/menus/item.hpp(224): error: expected '}'
    }
     ^
../Lib/menus/item.hpp(214): note: to match this '{'
    {
    ^
../Lib/menus/item.hpp(294): error: no member named 'nCurrent' in 'easing_pos'; did you mean 'm_nCurrent'?
        printv("%d", m_MaskY.nCurrent);
                             ^~~~~~~~
                             m_nCurrent
../LIB\utils.h(30): note: expanded from macro 'printv'
#define printv(fmt, var) printf("[ line: %d | function: %s ] %s = " fmt "\r\n", __LINE__, __FUNCTION__, #var, var)
                                                                                                              ^
../LIB\easing/base.hpp(147): note: 'm_nCurrent' declared here
    easing_type_t m_nCurrent;
                  ^
../Lib/menus/item.cpp(1): warning: In file included from...../Lib/menus/item.hpp(400): error: no matching constructor for initialization of 'list'
    list menulist;
         ^
../Lib/menus/item.hpp(129): note: candidate constructor (the implicit copy constructor) not viable: requires 1 argument, but 0 were provided
class list {
      ^
../Lib/menus/item.hpp(213): note: candidate constructor not viable: requires 2 arguments, but 0 were provided
    list(item<easing_type_t>* items, uint8_t length) : m_nDisplayedCount(4)
    ^
19 errors generated.
compiling item.cpp...
"demo\demo.axf" - 61 Error(s), 0 Warning(s).
Target not created.
Build Time Elapsed:  00:00:02
